{
  "stats": {
    "suites": 1,
    "tests": 2,
    "passes": 2,
    "pending": 0,
    "failures": 0,
    "start": "2024-01-20T11:11:11.457Z",
    "end": "2024-01-20T11:11:26.137Z",
    "duration": 14680,
    "testsRegistered": 2,
    "passPercent": 100,
    "pendingPercent": 0,
    "other": 0,
    "hasOther": false,
    "skipped": 0,
    "hasSkipped": false
  },
  "results": [
    {
      "uuid": "5e9e1ae8-f87f-4eaf-ad66-7a34670a6c47",
      "title": "",
      "fullFile": "cypress\\e2e\\Second.cy.js",
      "file": "cypress\\e2e\\Second.cy.js",
      "beforeHooks": [],
      "afterHooks": [],
      "tests": [],
      "suites": [
        {
          "uuid": "b1fdfb7b-61a6-4361-aca7-1a44cbdaaa11",
          "title": "Login attempt",
          "fullFile": "",
          "file": "",
          "beforeHooks": [],
          "afterHooks": [],
          "tests": [
            {
              "title": "passes",
              "fullTitle": "Login attempt passes",
              "timedOut": null,
              "duration": 8525,
              "state": "passed",
              "speed": "medium",
              "pass": true,
              "fail": false,
              "pending": false,
              "context": null,
              "code": "cy.visit('https://autopilot.mynak.net/auth/login');\ncy.wait(2000);\ncy.xpath(\"//input[@placeholder='Enter e-mail']\").click().type(\"admin@example.com\");\ncy.wait(2000);\ncy.xpath(\"//input[@placeholder='Enter password']\").click().type(\"secret\");\ncy.wait(2000);\ncy.xpath(\"//button[text()='Login']\").click();\ncy.xpath(\"//span[text()='Super Admin']\").should('have.text', 'Super Admin');",
              "err": {},
              "uuid": "0ff333c1-8269-4dd7-889c-dde16931df26",
              "parentUUID": "b1fdfb7b-61a6-4361-aca7-1a44cbdaaa11",
              "isHook": false,
              "skipped": false
            },
            {
              "title": "URL control",
              "fullTitle": "Login attempt URL control",
              "timedOut": null,
              "duration": 1758,
              "state": "passed",
              "speed": "fast",
              "pass": true,
              "fail": false,
              "pending": false,
              "context": null,
              "code": "cy.visit('https://demo.vercel.store/');\ncy.xpath(\"//a[@href='/search/stickers']\").click();\ncy.url().should('eq', 'https://demo.vercel.store/search/stickers'); //href control\ncy.location().should(location => {\n  expect(location.href).to.equal('https://demo.vercel.store/search/stickers'); //href control\n  expect(location.pathname).to.equal('/search/stickers'); //pathname control\n  expect(location.protocol).to.equal('https:');\n});",
              "err": {},
              "uuid": "c8f56a81-fff2-4a52-ad40-ad7cf43095a6",
              "parentUUID": "b1fdfb7b-61a6-4361-aca7-1a44cbdaaa11",
              "isHook": false,
              "skipped": false
            }
          ],
          "suites": [],
          "passes": [
            "0ff333c1-8269-4dd7-889c-dde16931df26",
            "c8f56a81-fff2-4a52-ad40-ad7cf43095a6"
          ],
          "failures": [],
          "pending": [],
          "skipped": [],
          "duration": 10283,
          "root": false,
          "rootEmpty": false,
          "_timeout": 2000
        }
      ],
      "passes": [],
      "failures": [],
      "pending": [],
      "skipped": [],
      "duration": 0,
      "root": true,
      "rootEmpty": true,
      "_timeout": 2000
    }
  ],
  "meta": {
    "mocha": {
      "version": "7.0.1"
    },
    "mochawesome": {
      "options": {
        "quiet": false,
        "reportFilename": "mochawesome",
        "saveHtml": true,
        "saveJson": true,
        "consoleReporter": "spec",
        "useInlineDiffs": false,
        "code": true
      },
      "version": "7.1.3"
    },
    "marge": {
      "options": null,
      "version": "6.2.0"
    }
  }
}